<?xml version="1.0" encoding="UTF-8"?>
<!-- Generated by org.testng.reporters.JUnitReportReporter -->
<testsuite hostname="MOC-L-RAMACHAND" name="NASATechTransfer.GetDataFromNASADemo" tests="1" failures="0" timestamp="20 Jan 2021 21:30:44 GMT" time="2.301" errors="0">
  <testcase name="testResponseCode" time="2.301" classname="NASATechTransfer.GetDataFromNASADemo"/>
</testsuite> <!-- NASATechTransfer.GetDataFromNASADemo -->
