<?xml version="1.0" encoding="UTF-8"?>
<!-- Generated by org.testng.reporters.JUnitReportReporter -->
<testsuite hostname="MOC-L-RAMACHAND" name="NASATechTransfer.GetDataFromNASADemo" tests="2" failures="0" timestamp="20 Jan 2021 19:17:54 GMT" time="2.906" errors="0">
  <testcase name="testResponseCode" time="2.583" classname="NASATechTransfer.GetDataFromNASADemo"/>
  <testcase name="testResults" time="0.323" classname="NASATechTransfer.GetDataFromNASADemo"/>
</testsuite> <!-- NASATechTransfer.GetDataFromNASADemo -->
