<?xml version="1.0" encoding="UTF-8"?>
<!-- Generated by org.testng.reporters.JUnitReportReporter -->
<testsuite hostname="MOC-L-RAMACHAND" name="NASATechTransfer.GetResultsFromNASA" tests="1" failures="0" timestamp="20 Jan 2021 22:46:53 GMT" time="3.358" errors="0">
  <testcase name="retrieveResultsFromNASA" time="3.358" classname="NASATechTransfer.GetResultsFromNASA"/>
</testsuite> <!-- NASATechTransfer.GetResultsFromNASA -->
